[   19546ms] [LOG] 渐进放松助眠游戏已加载完成！ @ http://localhost:8765/relaxation-game.js:2360
[   19546ms] [LOG] 使用说明: @ http://localhost:8765/relaxation-game.js:2361
[   19546ms] [LOG] - 点击"开始放松之旅"开始 @ http://localhost:8765/relaxation-game.js:2362
[   19546ms] [LOG] - 使用左右箭头键或屏幕上的按钮导航 @ http://localhost:8765/relaxation-game.js:2363
[   19546ms] [LOG] - 在放松界面，可以左右滑动切换步骤 @ http://localhost:8765/relaxation-game.js:2364
[   19546ms] [LOG] - 按ESC键返回首页 @ http://localhost:8765/relaxation-game.js:2365
[   19546ms] [LOG] - 每个步骤有自动倒计时，结束后会自动进入下一步 @ http://localhost:8765/relaxation-game.js:2366
[   20061ms] [ERROR] Failed to load resource: the server responded with a status of 404 (File not found) @ http://localhost:8765/favicon.ico:0
[   42843ms] [ERROR] Failed to load resource: the server responded with a status of 404 (File not found) @ http://localhost:8765/voices/v-eyes.mp3:0
[   42844ms] [WARNING] 语音加载失败 [eyes]: HTTP 404 @ http://localhost:8765/relaxation-game.js:751
[   42844ms] [ERROR] Failed to load resource: the server responded with a status of 404 (File not found) @ http://localhost:8765/voices/v-forehead.mp3:0
[   42845ms] [WARNING] 语音加载失败 [forehead]: HTTP 404 @ http://localhost:8765/relaxation-game.js:751
[   42845ms] [ERROR] Failed to load resource: the server responded with a status of 404 (File not found) @ http://localhost:8765/voices/v-face.mp3:0
[   42845ms] [WARNING] 语音加载失败 [face]: HTTP 404 @ http://localhost:8765/relaxation-game.js:751
[   42845ms] [ERROR] Failed to load resource: the server responded with a status of 404 (File not found) @ http://localhost:8765/voices/v-opening.mp3:0
[   42845ms] [WARNING] 语音加载失败 [opening]: HTTP 404 @ http://localhost:8765/relaxation-game.js:751
[   42845ms] [ERROR] Failed to load resource: the server responded with a status of 404 (File not found) @ http://localhost:8765/voices/v-shoulders.mp3:0
[   42845ms] [WARNING] 语音加载失败 [shoulders]: HTTP 404 @ http://localhost:8765/relaxation-game.js:751
[   42846ms] [ERROR] Failed to load resource: the server responded with a status of 404 (File not found) @ http://localhost:8765/voices/v-neck.mp3:0
[   42846ms] [WARNING] 语音加载失败 [neck]: HTTP 404 @ http://localhost:8765/relaxation-game.js:751
[   42846ms] [ERROR] Failed to load resource: the server responded with a status of 404 (File not found) @ http://localhost:8765/voices/v-arms.mp3:0
[   42846ms] [WARNING] 语音加载失败 [arms]: HTTP 404 @ http://localhost:8765/relaxation-game.js:751
[   42846ms] [ERROR] Failed to load resource: the server responded with a status of 404 (File not found) @ http://localhost:8765/voices/v-chest.mp3:0
[   42846ms] [WARNING] 语音加载失败 [chest]: HTTP 404 @ http://localhost:8765/relaxation-game.js:751
[   42846ms] [ERROR] Failed to load resource: the server responded with a status of 404 (File not found) @ http://localhost:8765/voices/v-hips.mp3:0
[   42846ms] [WARNING] 语音加载失败 [hips]: HTTP 404 @ http://localhost:8765/relaxation-game.js:751
[   42847ms] [ERROR] Failed to load resource: the server responded with a status of 404 (File not found) @ http://localhost:8765/voices/v-abdomen.mp3:0
[   42847ms] [WARNING] 语音加载失败 [abdomen]: HTTP 404 @ http://localhost:8765/relaxation-game.js:751
[   42847ms] [ERROR] Failed to load resource: the server responded with a status of 404 (File not found) @ http://localhost:8765/voices/v-calves.mp3:0
[   42847ms] [WARNING] 语音加载失败 [calves]: HTTP 404 @ http://localhost:8765/relaxation-game.js:751
[   42847ms] [ERROR] Failed to load resource: the server responded with a status of 404 (File not found) @ http://localhost:8765/voices/v-thighs.mp3:0
[   42847ms] [WARNING] 语音加载失败 [thighs]: HTTP 404 @ http://localhost:8765/relaxation-game.js:751
[   42847ms] [ERROR] Failed to load resource: the server responded with a status of 404 (File not found) @ http://localhost:8765/voices/v-feet.mp3:0
[   42847ms] [WARNING] 语音加载失败 [feet]: HTTP 404 @ http://localhost:8765/relaxation-game.js:751
[   42848ms] [ERROR] Failed to load resource: the server responded with a status of 404 (File not found) @ http://localhost:8765/voices/v-round2.mp3:0
[   42848ms] [WARNING] 语音加载失败 [round2]: HTTP 404 @ http://localhost:8765/relaxation-game.js:751
[   42848ms] [ERROR] Failed to load resource: the server responded with a status of 404 (File not found) @ http://localhost:8765/voices/v-sleep-sink.mp3:0
[   42848ms] [WARNING] 语音加载失败 [sleepSink]: HTTP 404 @ http://localhost:8765/relaxation-game.js:751
[   42848ms] [ERROR] Failed to load resource: the server responded with a status of 404 (File not found) @ http://localhost:8765/voices/v-deep-relax.mp3:0
[   42848ms] [WARNING] 语音加载失败 [deepRelax]: HTTP 404 @ http://localhost:8765/relaxation-game.js:751
[   42848ms] [ERROR] Failed to load resource: the server responded with a status of 404 (File not found) @ http://localhost:8765/voices/v-round3.mp3:0
[   42848ms] [WARNING] 语音加载失败 [round3]: HTTP 404 @ http://localhost:8765/relaxation-game.js:751
[   42851ms] [ERROR] Failed to load resource: the server responded with a status of 404 (File not found) @ http://localhost:8765/voices/v-ending.mp3:0
[   42851ms] [WARNING] 语音加载失败 [ending]: HTTP 404 @ http://localhost:8765/relaxation-game.js:751
[   42931ms] [ERROR] Failed to load resource: the server responded with a status of 404 (File not found) @ http://localhost:8765/favicon.ico:0
[   47838ms] [ERROR] Failed to load resource: the server responded with a status of 404 (File not found) @ http://localhost:8765/voices/v-forehead.mp3:0
[   47839ms] [WARNING] 语音加载失败 [forehead]: HTTP 404 @ http://localhost:8765/relaxation-game.js:751
[   63953ms] [ERROR] Failed to load resource: the server responded with a status of 404 (File not found) @ http://localhost:8765/voices/v-eyes.mp3:0
[   63953ms] [WARNING] 语音加载失败 [eyes]: HTTP 404 @ http://localhost:8765/relaxation-game.js:751
[   87949ms] [ERROR] Failed to load resource: the server responded with a status of 404 (File not found) @ http://localhost:8765/voices/v-face.mp3:0
[   87950ms] [WARNING] 语音加载失败 [face]: HTTP 404 @ http://localhost:8765/relaxation-game.js:751
[  159947ms] [ERROR] Failed to load resource: the server responded with a status of 404 (File not found) @ http://localhost:8765/voices/v-neck.mp3:0
[  159947ms] [WARNING] 语音加载失败 [neck]: HTTP 404 @ http://localhost:8765/relaxation-game.js:751
[  183953ms] [ERROR] Failed to load resource: the server responded with a status of 404 (File not found) @ http://localhost:8765/voices/v-shoulders.mp3:0
[  183953ms] [WARNING] 语音加载失败 [shoulders]: HTTP 404 @ http://localhost:8765/relaxation-game.js:751
[  207952ms] [ERROR] Failed to load resource: the server responded with a status of 404 (File not found) @ http://localhost:8765/voices/v-arms.mp3:0
[  207953ms] [WARNING] 语音加载失败 [arms]: HTTP 404 @ http://localhost:8765/relaxation-game.js:751
[  231953ms] [ERROR] Failed to load resource: the server responded with a status of 404 (File not found) @ http://localhost:8765/voices/v-chest.mp3:0
[  231954ms] [WARNING] 语音加载失败 [chest]: HTTP 404 @ http://localhost:8765/relaxation-game.js:751
[  263951ms] [ERROR] Failed to load resource: the server responded with a status of 404 (File not found) @ http://localhost:8765/voices/v-abdomen.mp3:0
[  263952ms] [WARNING] 语音加载失败 [abdomen]: HTTP 404 @ http://localhost:8765/relaxation-game.js:751
[  287948ms] [ERROR] Failed to load resource: the server responded with a status of 404 (File not found) @ http://localhost:8765/voices/v-hips.mp3:0
[  287948ms] [WARNING] 语音加载失败 [hips]: HTTP 404 @ http://localhost:8765/relaxation-game.js:751
[  311951ms] [ERROR] Failed to load resource: the server responded with a status of 404 (File not found) @ http://localhost:8765/voices/v-thighs.mp3:0
[  311951ms] [WARNING] 语音加载失败 [thighs]: HTTP 404 @ http://localhost:8765/relaxation-game.js:751
[  335947ms] [ERROR] Failed to load resource: the server responded with a status of 404 (File not found) @ http://localhost:8765/voices/v-calves.mp3:0
[  335947ms] [WARNING] 语音加载失败 [calves]: HTTP 404 @ http://localhost:8765/relaxation-game.js:751
[  359955ms] [ERROR] Failed to load resource: the server responded with a status of 404 (File not found) @ http://localhost:8765/voices/v-feet.mp3:0
[  359955ms] [WARNING] 语音加载失败 [feet]: HTTP 404 @ http://localhost:8765/relaxation-game.js:751
